=== Syntax check ===
syntax_status=0
=== Regression tests ===
=== tests/card-buff-effects-tests.js ===
✓ カード別アイコン定義を登録
✓ Q/A/B/Ex性能アップとQ/A/B性能ダウンに個別アイコンを表示
✓ 性能アップと威力アップは同じアイコンでも別状態として表示
✓ クラススキルの固有アイコンは維持しクラススコアはカード別アイコンを使う
✓ 性能アップはカードごとの副次効果を持ち、威力アップはダメージだけを上げる
✓ 性能ダウンはNP・スターを含めて低下し、威力ダウンはダメージだけを下げる
✓ クラススコア定義もカード別アイコンを持つ

カード性能・威力効果テストに合格しました。
=== tests/class-score-tests.js ===
PASS: クラススコアは常時全開放として登録
PASS: 戦闘へ適用するクラススコア効果は10種類
PASS: ルーラーはEXTRA Iへ分類
PASS: フォーリナーはEXTRA IIへ分類
PASS: 隠神刑部へ重複なしでクラススコアを適用
PASS: 隠神刑部「陣地作成 B」の表示アイコンを反映
PASS: 隠神刑部「道具作成 B」の表示アイコンを反映
PASS: 隠神刑部「神格 C」の表示アイコンを反映
PASS: 隠神刑部「神格 C」の表示アイコンを反映
PASS: 八百屋お七へ重複なしでクラススコアを適用
PASS: 八百屋お七「気配遮断 C+」の表示アイコンを反映
PASS: 光のコヤンスカヤへ重複なしでクラススコアを適用
PASS: 光のコヤンスカヤ「騎乗 B」の表示アイコンを反映
PASS: 光のコヤンスカヤ「単独行動 EX」の表示アイコンを反映
PASS: 光のコヤンスカヤ「単独顕現 C」の表示アイコンを反映
PASS: 光のコヤンスカヤ「単独顕現 C」の表示アイコンを反映
PASS: 光のコヤンスカヤ「単独顕現 C」の表示アイコンを反映
PASS: 光のコヤンスカヤ「変化 A」の表示アイコンを反映
PASS: 光のコヤンスカヤ「変化 A」の表示アイコンを反映
PASS: 光のコヤンスカヤ「女神変生（銃） B」の表示アイコンを反映
PASS: フェンリルへ重複なしでクラススコアを適用
PASS: フェンリル「対魔力 B」の表示アイコンを反映
PASS: フェンリル「狂化 A+（B+相当）」の表示アイコンを反映
PASS: フェンリル「神性 E-」の表示アイコンを反映
PASS: フェンリル「野性 A」の表示アイコンを反映
PASS: フェンリル「野性 A」の表示アイコンを反映
PASS: アルトリア・キャスターへ重複なしでクラススコアを適用
PASS: アルトリア・キャスター「対魔力 A」の表示アイコンを反映
PASS: アルトリア・キャスター「陣地作成 EX」の表示アイコンを反映
PASS: スカサハ＝スカディ〔ルーラー〕へ重複なしでクラススコアを適用
PASS: スカサハ＝スカディ〔ルーラー〕「対魔力 EX」の表示アイコンを反映
PASS: スカサハ＝スカディ〔ルーラー〕「陣地作成 A」の表示アイコンを反映
PASS: スカサハ＝スカディ〔ルーラー〕「女神の神核 A」の表示アイコンを反映
PASS: スカサハ＝スカディ〔ルーラー〕「女神の神核 A」の表示アイコンを反映
PASS: スカサハ＝スカディへ重複なしでクラススコアを適用
PASS: スカサハ＝スカディ「陣地作成 EX」の表示アイコンを反映
PASS: スカサハ＝スカディ「道具作成 A」の表示アイコンを反映
PASS: フアナ狂女王へ重複なしでクラススコアを適用
PASS: フアナ狂女王「狂化 E（A相当）」の表示アイコンを反映
PASS: フアナ狂女王「気配遮断 C-」の表示アイコンを反映
PASS: フアナ狂女王「騎乗 D」の表示アイコンを反映
PASS: アリス・リデルへ重複なしでクラススコアを適用
PASS: アリス・リデル「領域外の生命 EX」の表示アイコンを反映
PASS: アリス・リデル「夢見る少女の物語 C」の表示アイコンを反映
PASS: 戦闘開始時にクラススコア効果を10件生成
PASS: Buster性能20%
PASS: Arts性能20%
PASS: Quick性能20%
PASS: Extra Attack性能50%
PASS: Busterクリティカル20%
PASS: Artsクリティカル40%
PASS: Quickクリティカル60%
PASS: スター発生率50%
PASS: クリティカル威力10%
PASS: 宝具威力10%
PASS: 全クラススコア効果に表示アイコンを設定
All class score tests passed.
=== tests/common-effects-tests.js ===
✓ 共通効果ランタイムが登録される
✓ Q/A/BとExtra Attackは各1回発動し、宝具では発動しない
✓ Extra AttackはHit数に関係なく攻撃1回につき1回だけ判定する
✓ 通常カード3枚のBrave ChainではExtra Attackを含め合計4回判定する
✓ 実際の宝具実行では通常攻撃時効果を発動しない
✓ 弱体成功率へ汎用成功率・魅了成功率・弱体耐性・精神異常耐性を反映する
✓ 確率弱体の成功・失敗と補正後成功率をログへ記録する
✓ 魅了中の敵は通常攻撃と宝具を行わずチャージも変化しない
✓ やけどは5ターンにわたり毎ターン個別ダメージを与える
✓ 延焼100%でやけどダメージが2倍になる
✓ 複数やけどと複数延焼はそれぞれ加算してから乗算する
✓ 1回・3T回避は最初の攻撃だけ回避して消費される
✓ 1T回避は同一ターンの複数攻撃を回避しターン終了で消滅する
✓ 必中は回避だけを無視し無敵貫通は回避と無敵を無視する
✓ 既存の毒とガッツは共通処理導入後も動作する
✓ 共通処理導入後も通常の3枚選択からターンを完走できる
✓ 新しい状態表示名とアイコンが取得できる

共通状態処理テストに合格しました。
=== tests/engine-tests.js ===
✓ 実装サーヴァントは9騎
✓ 各サーヴァントの保有スキルは3つ
✓ 全スキルLv配列は10段階
✓ クラス相性と属性相性の基本値
✓ スキルCTはLv6とLv10で短縮
✓ 光のコヤンスカヤS1はNP50とCT2短縮
✓ 光のコヤンスカヤS2はスター20と人属性特攻を付与
✓ フェンリルS2はNP50とOC2段階アップ
✓ クリティカル集中の乱数補正は+50が1枚、+20が2枚、+0が2枚
✓ フェンリル宝具の天属性特攻は非対象より高い
✓ 即死耐性を含む即死処理が動作
✓ NPが99%以上になった場合は100%へ補正される
✓ スター集中度アップ後はカード配分が再計算される
✓ 通常の3枚選択から1ターンを完走できる

全テストに合格しました。
=== tests/inugami-gyobu-tests.js ===
✓ 隠神刑部の基本データを登録
✗ クラススキルはArts8%・弱体成功率8%・与ダメージ200・スター発生率6%
/home/runner/work/FGO_Battle_Simulator/FGO_Battle_Simulator/tests/inugami-gyobu-tests.js:44
    throw error;
    ^

AssertionError [ERR_ASSERTION]: Expected values to be strictly equal:

28 !== 8

    at /home/runner/work/FGO_Battle_Simulator/FGO_Battle_Simulator/tests/inugami-gyobu-tests.js:70:10
    at test (/home/runner/work/FGO_Battle_Simulator/FGO_Battle_Simulator/tests/inugami-gyobu-tests.js:40:5)
    at Object.<anonymous> (/home/runner/work/FGO_Battle_Simulator/FGO_Battle_Simulator/tests/inugami-gyobu-tests.js:67:1)
    at Module._compile (node:internal/modules/cjs/loader:1781:14)
    at Object..js (node:internal/modules/cjs/loader:1913:10)
    at Module.load (node:internal/modules/cjs/loader:1505:32)
    at Function._load (node:internal/modules/cjs/loader:1309:12)
    at wrapModuleLoad (node:internal/modules/cjs/loader:254:19)
    at Function.executeUserEntryPoint [as runMain] (node:internal/modules/run_main:171:5)
    at node:internal/main/run_main_module:36:49 {
  generatedMessage: true,
  code: 'ERR_ASSERTION',
  actual: 28,
  expected: 8,
  operator: 'strictEqual',
  diff: 'simple'
}

Node.js v22.23.1
=== tests/koyanskaya-light-tests.js ===
✓ 光のコヤンスカヤの基本データはテンプレート項目を満たす
✓ 特性は資料表記の日本語で登録される
✓ S1のスキルHP減少は味方を戦闘不能にしない
✓ S2の人間特攻と人属性特攻を個別に判定できる
✗ S3はBuster限定の性能・クリ威力・スター集中度を付与
/home/runner/work/FGO_Battle_Simulator/FGO_Battle_Simulator/tests/koyanskaya-light-tests.js:45
    throw error;
    ^

AssertionError [ERR_ASSERTION]: Expected values to be strictly equal:

70 !== 50

    at /home/runner/work/FGO_Battle_Simulator/FGO_Battle_Simulator/tests/koyanskaya-light-tests.js:118:10
    at test (/home/runner/work/FGO_Battle_Simulator/FGO_Battle_Simulator/tests/koyanskaya-light-tests.js:41:5)
    at Object.<anonymous> (/home/runner/work/FGO_Battle_Simulator/FGO_Battle_Simulator/tests/koyanskaya-light-tests.js:111:1)
    at Module._compile (node:internal/modules/cjs/loader:1781:14)
    at Object..js (node:internal/modules/cjs/loader:1913:10)
    at Module.load (node:internal/modules/cjs/loader:1505:32)
    at Function._load (node:internal/modules/cjs/loader:1309:12)
    at wrapModuleLoad (node:internal/modules/cjs/loader:254:19)
    at Function.executeUserEntryPoint [as runMain] (node:internal/modules/run_main:171:5)
    at node:internal/main/run_main_module:36:49 {
  generatedMessage: true,
  code: 'ERR_ASSERTION',
  actual: 70,
  expected: 50,
  operator: 'strictEqual',
  diff: 'simple'
}

Node.js v22.23.1
=== tests/order-change-position-tests.js ===
✓ 前衛2枠と控え2枠を交換すると双方が元の相手枠へ移動する
✓ オーダーチェンジ後も各サーヴァントのHP・NP・状態を保持する
✓ 別の枠同士でも交換先の枠位置を維持する
✓ 前衛同士または控え同士の指定は拒否する

オーダーチェンジ位置交換テストに合格しました。
=== tests/servant-mechanics-tests.js ===
PASS: Unique Mechanicsレジストリを取得できる
PASS: 登録済みサーヴァントに固有例外処理ファイルがない
PASS: サーヴァントデータは通常どおり登録される
PASS: 固有例外処理ランタイムが導入される
PASS: 未登録サーヴァントでは何も実行しない
All unique mechanics tests passed.
=== tests/skadi-ruler-tests.js ===
✓ 基本データ・特性・テンプレート項目が資料通り
✗ S1はQuick性能とBusterクリティカル威力を付与
/home/runner/work/FGO_Battle_Simulator/FGO_Battle_Simulator/tests/skadi-ruler-tests.js:58
    throw error;
    ^

AssertionError [ERR_ASSERTION]: Expected values to be strictly equal:

70 !== 50

    at /home/runner/work/FGO_Battle_Simulator/FGO_Battle_Simulator/tests/skadi-ruler-tests.js:94:10
    at test (/home/runner/work/FGO_Battle_Simulator/FGO_Battle_Simulator/tests/skadi-ruler-tests.js:54:5)
    at Object.<anonymous> (/home/runner/work/FGO_Battle_Simulator/FGO_Battle_Simulator/tests/skadi-ruler-tests.js:87:1)
    at Module._compile (node:internal/modules/cjs/loader:1781:14)
    at Object..js (node:internal/modules/cjs/loader:1913:10)
    at Module.load (node:internal/modules/cjs/loader:1505:32)
    at Function._load (node:internal/modules/cjs/loader:1309:12)
    at wrapModuleLoad (node:internal/modules/cjs/loader:254:19)
    at Function.executeUserEntryPoint [as runMain] (node:internal/modules/run_main:171:5)
    at node:internal/main/run_main_module:36:49 {
  generatedMessage: true,
  code: 'ERR_ASSERTION',
  actual: 70,
  expected: 50,
  operator: 'strictEqual',
  diff: 'simple'
}

Node.js v22.23.1
=== tests/turn-field-effects-tests.js ===
✓ 共通ランタイムとフィールド条件APIを登録する
✓ Lv.1の毎ターンスター5個を3ターン獲得し4回目は発動しない
✓ Lv.10の毎ターンスター15個を3ターン獲得する
✓ 複数の毎ターンスター状態を加算し50個上限を適用する
✓ 控えまたは戦闘不能の対象から毎ターンスターを獲得しない
✓ 戦闘設定とWave設定から現在のフィールド特性を保持する
✗ 水辺ではOC1～5の条件付き宝具威力10～30%を適用する
/home/runner/work/FGO_Battle_Simulator/FGO_Battle_Simulator/tests/turn-field-effects-tests.js:68
    throw error;
    ^

AssertionError [ERR_ASSERTION]: Expected values to be strictly equal:

20 !== 10

    at /home/runner/work/FGO_Battle_Simulator/FGO_Battle_Simulator/tests/turn-field-effects-tests.js:167:12
    at Array.forEach (<anonymous>)
    at /home/runner/work/FGO_Battle_Simulator/FGO_Battle_Simulator/tests/turn-field-effects-tests.js:156:12
    at test (/home/runner/work/FGO_Battle_Simulator/FGO_Battle_Simulator/tests/turn-field-effects-tests.js:64:5)
    at Object.<anonymous> (/home/runner/work/FGO_Battle_Simulator/FGO_Battle_Simulator/tests/turn-field-effects-tests.js:154:1)
    at Module._compile (node:internal/modules/cjs/loader:1781:14)
    at Object..js (node:internal/modules/cjs/loader:1913:10)
    at Module.load (node:internal/modules/cjs/loader:1505:32)
    at Function._load (node:internal/modules/cjs/loader:1309:12)
    at wrapModuleLoad (node:internal/modules/cjs/loader:254:19) {
  generatedMessage: true,
  code: 'ERR_ASSERTION',
  actual: 20,
  expected: 10,
  operator: 'strictEqual',
  diff: 'simple'
}

Node.js v22.23.1
=== tests/yaoya-oshichi-tests.js ===
✓ 八百屋お七の基本データを登録
✗ S1は自身Quick20%・味方全体攻防20%・回避1回3Tを付与
/home/runner/work/FGO_Battle_Simulator/FGO_Battle_Simulator/tests/yaoya-oshichi-tests.js:44
    throw error;
    ^

AssertionError [ERR_ASSERTION]: Expected values to be strictly equal:

40 !== 20

    at /home/runner/work/FGO_Battle_Simulator/FGO_Battle_Simulator/tests/yaoya-oshichi-tests.js:76:10
    at test (/home/runner/work/FGO_Battle_Simulator/FGO_Battle_Simulator/tests/yaoya-oshichi-tests.js:40:5)
    at Object.<anonymous> (/home/runner/work/FGO_Battle_Simulator/FGO_Battle_Simulator/tests/yaoya-oshichi-tests.js:71:1)
    at Module._compile (node:internal/modules/cjs/loader:1781:14)
    at Object..js (node:internal/modules/cjs/loader:1913:10)
    at Module.load (node:internal/modules/cjs/loader:1505:32)
    at Function._load (node:internal/modules/cjs/loader:1309:12)
    at wrapModuleLoad (node:internal/modules/cjs/loader:254:19)
    at Function.executeUserEntryPoint [as runMain] (node:internal/modules/run_main:171:5)
    at node:internal/main/run_main_module:36:49 {
  generatedMessage: true,
  code: 'ERR_ASSERTION',
  actual: 40,
  expected: 20,
  operator: 'strictEqual',
  diff: 'simple'
}

Node.js v22.23.1
test_status=1
verification_status=failure
