=== Migration ===
Updated skadiCaster definition only.
migration_status=0
=== Syntax check ===
syntax_status=0
=== Regression tests ===
=== tests/artoria-caster-tests.js ===
✓ 基本データ・特性・template必須項目が資料通り
✓ S1は味方全体へ攻撃力20%とNP30%を付与
✓ S2は選択した味方へNP20%、味方全体へNP獲得量30%を付与
✓ S3はArts50%・人類の脅威特攻50%・無敵1Tを付与
✓ クラススキル4種を資料通り登録
✓ 宝具は攻撃力アップ・弱体解除・対粛正防御の順で定義
✓ 宝具Lv5・OC3で全員へ攻撃力50%と対粛正防御3回を付与し弱体解除
✓ 実際の宝具で付与した対粛正防御は必中・無敵貫通を無視する

アルトリア・キャスターの全テストに合格しました。
=== tests/card-buff-effects-tests.js ===
✓ カード別アイコン定義を登録
✓ Q/A/B/Ex性能アップとQ/A/B性能ダウンに個別アイコンを表示
✓ 性能アップと威力アップは同じアイコンでも別状態として表示
✓ クラススキルの固有アイコンは維持しクラススコアはカード別アイコンを使う
✓ 性能アップはカードごとの副次効果を持ち、威力アップはダメージだけを上げる
✓ 性能ダウンはNP・スターを含めて低下し、威力ダウンはダメージだけを下げる
✓ クラススコア定義もカード別アイコンを持つ

カード性能・威力効果テストに合格しました。
=== tests/class-score-tests.js ===
PASS: クラススコアは常時全開放として登録
PASS: 戦闘へ適用するクラススコア効果は10種類
PASS: ルーラーはEXTRA Iへ分類
PASS: フォーリナーはEXTRA IIへ分類
PASS: 隠神刑部へ重複なしでクラススコアを適用
PASS: 隠神刑部「陣地作成 B」の表示アイコンを反映
PASS: 隠神刑部「道具作成 B」の表示アイコンを反映
PASS: 隠神刑部「神格 C」の表示アイコンを反映
PASS: 隠神刑部「神格 C」の表示アイコンを反映
PASS: 八百屋お七へ重複なしでクラススコアを適用
PASS: 八百屋お七「気配遮断 C+」の表示アイコンを反映
PASS: 光のコヤンスカヤへ重複なしでクラススコアを適用
PASS: 光のコヤンスカヤ「騎乗 B」の表示アイコンを反映
PASS: 光のコヤンスカヤ「単独行動 EX」の表示アイコンを反映
PASS: 光のコヤンスカヤ「単独顕現 C」の表示アイコンを反映
PASS: 光のコヤンスカヤ「単独顕現 C」の表示アイコンを反映
PASS: 光のコヤンスカヤ「単独顕現 C」の表示アイコンを反映
PASS: 光のコヤンスカヤ「変化 A」の表示アイコンを反映
PASS: 光のコヤンスカヤ「変化 A」の表示アイコンを反映
PASS: 光のコヤンスカヤ「女神変生（銃） B」の表示アイコンを反映
PASS: フェンリルへ重複なしでクラススコアを適用
PASS: フェンリル「対魔力 B」の表示アイコンを反映
PASS: フェンリル「狂化 A+（B+相当）」の表示アイコンを反映
PASS: フェンリル「神性 E-」の表示アイコンを反映
PASS: フェンリル「野性 A」の表示アイコンを反映
PASS: フェンリル「野性 A」の表示アイコンを反映
PASS: アルトリア・キャスターへ重複なしでクラススコアを適用
PASS: アルトリア・キャスター「対魔力 A」の表示アイコンを反映
PASS: アルトリア・キャスター「陣地作成 EX」の表示アイコンを反映
PASS: アルトリア・キャスター「独自魔術 B」の表示アイコンを反映
PASS: アルトリア・キャスター「妖精眼 A」の表示アイコンを反映
PASS: スカサハ＝スカディ〔ルーラー〕へ重複なしでクラススコアを適用
PASS: スカサハ＝スカディ〔ルーラー〕「対魔力 EX」の表示アイコンを反映
PASS: スカサハ＝スカディ〔ルーラー〕「陣地作成 A」の表示アイコンを反映
PASS: スカサハ＝スカディ〔ルーラー〕「女神の神核 A」の表示アイコンを反映
PASS: スカサハ＝スカディ〔ルーラー〕「女神の神核 A」の表示アイコンを反映
PASS: スカサハ＝スカディへ重複なしでクラススコアを適用
PASS: スカサハ＝スカディ「陣地作成 EX」の表示アイコンを反映
PASS: スカサハ＝スカディ「道具作成 A」の表示アイコンを反映
PASS: スカサハ＝スカディ「女神の神核 A」の表示アイコンを反映
PASS: スカサハ＝スカディ「女神の神核 A」の表示アイコンを反映
PASS: フアナ狂女王へ重複なしでクラススコアを適用
PASS: フアナ狂女王「狂化 E（A相当）」の表示アイコンを反映
PASS: フアナ狂女王「気配遮断 C-」の表示アイコンを反映
PASS: フアナ狂女王「騎乗 D」の表示アイコンを反映
PASS: アリス・リデルへ重複なしでクラススコアを適用
PASS: アリス・リデル「領域外の生命 EX」の表示アイコンを反映
PASS: アリス・リデル「夢見る少女の物語 C」の表示アイコンを反映
PASS: 戦闘開始時にクラススコア効果を10件生成
PASS: Buster性能20%
PASS: Arts性能20%
PASS: Quick性能20%
PASS: Extra Attack性能50%
PASS: Busterクリティカル20%
PASS: Artsクリティカル40%
PASS: Quickクリティカル60%
PASS: スター発生率50%
PASS: クリティカル威力10%
PASS: 宝具威力10%
PASS: 全クラススコア効果に表示アイコンを設定
All class score tests passed.
=== tests/combat-defense-effects-tests.js ===
✓ 共通ランタイムと計算式メタデータを登録する
✗ 防御力ダウン30%で通常攻撃と宝具ダメージが増える
/home/runner/work/FGO_Battle_Simulator/FGO_Battle_Simulator/tests/combat-defense-effects-tests.js:64
    throw error;
    ^

AssertionError [ERR_ASSERTION]: The expression evaluated to a falsy value:

  assert.ok(Math.abs(downNormal - Math.floor(baseNormal * 1.3)) <= 2)

    at /home/runner/work/FGO_Battle_Simulator/FGO_Battle_Simulator/tests/combat-defense-effects-tests.js:89:10
    at test (/home/runner/work/FGO_Battle_Simulator/FGO_Battle_Simulator/tests/combat-defense-effects-tests.js:60:5)
    at Object.<anonymous> (/home/runner/work/FGO_Battle_Simulator/FGO_Battle_Simulator/tests/combat-defense-effects-tests.js:75:1)
    at Module._compile (node:internal/modules/cjs/loader:1781:14)
    at Object..js (node:internal/modules/cjs/loader:1913:10)
    at Module.load (node:internal/modules/cjs/loader:1505:32)
    at Function._load (node:internal/modules/cjs/loader:1309:12)
    at wrapModuleLoad (node:internal/modules/cjs/loader:254:19)
    at Function.executeUserEntryPoint [as runMain] (node:internal/modules/run_main:171:5)
    at node:internal/main/run_main_module:36:49 {
  generatedMessage: true,
  code: 'ERR_ASSERTION',
  actual: false,
  expected: true,
  operator: '==',
  diff: 'simple'
}

Node.js v22.23.1
=== tests/common-effects-tests.js ===
✓ 共通効果ランタイムが登録される
✓ Q/A/BとExtra Attackは各1回発動し、宝具では発動しない
✓ Extra AttackはHit数に関係なく攻撃1回につき1回だけ判定する
✓ 通常カード3枚のBrave ChainではExtra Attackを含め合計4回判定する
✓ 実際の宝具実行では通常攻撃時効果を発動しない
✓ 弱体成功率へ汎用成功率・魅了成功率・弱体耐性・精神異常耐性を反映する
✓ 確率弱体の成功・失敗と補正後成功率をログへ記録する
✓ 魅了中の敵は通常攻撃と宝具を行わずチャージも変化しない
✓ やけどは5ターンにわたり毎ターン個別ダメージを与える
✓ 延焼100%でやけどダメージが2倍になる
✓ 複数やけどと複数延焼はそれぞれ加算してから乗算する
✓ 1回・3T回避は最初の攻撃だけ回避して消費される
✓ 1T回避は同一ターンの複数攻撃を回避しターン終了で消滅する
✓ 必中は回避だけを無視し無敵貫通は回避と無敵を無視する
✓ 既存の毒とガッツは共通処理導入後も動作する
✓ 共通処理導入後も通常の3枚選択からターンを完走できる
✓ 新しい状態表示名とアイコンが取得できる

共通状態処理テストに合格しました。
=== tests/defense-priority-tests.js ===
✓ 防御優先順位は 対粛正防御 > 無敵 > 回避
=== tests/defense-resistance-effects-tests.js ===
✓ 共通ランタイムとOC回数解決APIを登録する
✓ 対粛正防御をOC1～5で1～5回付与する
✓ ocUsesは他の回数制状態でもusesへ汎用解決される
✓ 無敵貫通・必中状態の敵からの通常攻撃を対粛正防御で防ぐ
✓ 無敵貫通状態の敵宝具を防ぎ、多段宝具でも1回だけ消費する
✓ 対粛正防御・無敵・回避が同時にある場合は対粛正防御だけを消費する
✓ 対粛正防御の残存中は再付与しても上書き・回数加算しない
✓ 対粛正防御は回数0と残りターン0で解除される
✓ 通常の無敵は従来どおり無敵貫通で無視され、状態を消費しない
✓ 敵クリティカル率20%に被クリティカル発生耐性20%で0%になる
✓ 敵50%・クリ率ダウン10%・対象耐性20%で最終20%になる
✓ 複数の被クリティカル発生耐性を加算し最終確率を0～100%へ制限する
✓ 被クリティカル発生耐性0%時は実際の敵通常攻撃でクリティカルにならない
✓ 宝具before効果は攻撃力アップ・弱体解除・対粛正防御の配列順で処理する
✓ 状態表示名と共通アイコンを取得できる

対粛正防御・被クリティカル発生耐性テストに合格しました。
=== tests/engine-tests.js ===
✓ 実装サーヴァントは9騎
✓ 各サーヴァントの保有スキルは3つ
✓ 全スキルLv配列は10段階
✓ クラス相性と属性相性の基本値
✓ スキルCTはLv6とLv10で短縮
✓ 光のコヤンスカヤS1はNP50とCT2短縮
✓ 光のコヤンスカヤS2はスター20と人属性特攻を付与
✓ フェンリルS2はNP50とOC2段階アップ
✓ クリティカル集中の乱数補正は+50が1枚、+20が2枚、+0が2枚
✓ フェンリル宝具の天属性特攻は非対象より高い
✓ 即死耐性を含む即死処理が動作
✓ NPが99%以上になった場合は100%へ補正される
✓ スター集中度アップ後はカード配分が再計算される
✓ 通常の3枚選択から1ターンを完走できる

全テストに合格しました。
=== tests/inugami-gyobu-tests.js ===
✓ 隠神刑部の基本データを登録
✓ クラススキルはArts8%・弱体成功率8%・与ダメージ200・スター発生率6%
✓ S1は自身へ合計NP30・味方へNP10を付与
✓ S2は味方全体へ攻撃力20%・Arts20%を付与
✓ 強化後S3は自身Arts20%・選択した味方へNP獲得量20%とNP10を付与
✓ 宝具は攻撃前に味方全体へ攻撃力OC依存・Arts10%を付与

隠神刑部の全テストに合格しました。
=== tests/koyanskaya-light-tests.js ===
✓ 光のコヤンスカヤの基本データはテンプレート項目を満たす
✓ 特性は資料表記の日本語で登録される
✓ S1のスキルHP減少は味方を戦闘不能にしない
✓ S2の人間特攻と人属性特攻を個別に判定できる
✓ S3はBuster限定の性能・クリ威力・スター集中度を付与
✓ クラススキル5種の効果量が正しい
✓ 宝具の攻撃前・攻撃後効果が資料通り

光のコヤンスカヤの全テストに合格しました。
=== tests/order-change-position-tests.js ===
✓ 前衛2枠と控え2枠を交換すると双方が元の相手枠へ移動する
✓ オーダーチェンジ後も各サーヴァントのHP・NP・状態を保持する
✓ 別の枠同士でも交換先の枠位置を維持する
✓ 前衛同士または控え同士の指定は拒否する

オーダーチェンジ位置交換テストに合格しました。
=== tests/servant-mechanics-tests.js ===
PASS: Unique Mechanicsレジストリを取得できる
PASS: 登録済みサーヴァントに固有例外処理ファイルがない
PASS: サーヴァントデータは通常どおり登録される
PASS: 固有例外処理ランタイムが導入される
PASS: 未登録サーヴァントでは何も実行しない
All unique mechanics tests passed.
=== tests/skadi-caster-tests.js ===
✓ 基本データ・特性・template必須項目が資料通り
✓ S1は選択した味方へQuick50%とQuickクリティカル100%を付与
✓ S2は敵全体へ防御力30%とクリティカル発生率30%ダウンを付与
✓ S2の弱体は基礎成功率100%として弱体耐性判定を受ける
✓ S3は選択した味方のNPを50%増加
✓ クラススキル3種を資料通り登録
✓ 強化後宝具は5効果を資料の順番で定義
✓ 宝具Lv5・OC5で全員へ完全な強化後宝具効果を付与
✓ 実際の宝具で付与した回数制クリティカル威力はクリティカル1回で1消費

スカサハ＝スカディ〔キャスター〕の全テストに合格しました。
=== tests/skadi-ruler-tests.js ===
✓ 基本データ・特性・テンプレート項目が資料通り
✓ S1はQuick性能とBusterクリティカル威力を付与
✓ S2は味方全体3種バフと自身の毎ターンスター15個を3T付与
✓ S3はNP50・Buster集中5000%を1T・スター15個で、クリ威力は付与しない
✓ クラススキルは弱体耐性50%・Arts10%・与ダメージ250
✓ 宝具は水辺でのみOC依存宝具威力アップを攻撃前に付与
✓ 水辺の宝具威力アップが宝具自身へ反映され、チャージを1減らす

スカサハ＝スカディ〔ルーラー〕の全テストに合格しました。
=== tests/turn-field-effects-tests.js ===
✓ 共通ランタイムとフィールド条件APIを登録する
✓ Lv.1の毎ターンスター5個を3ターン獲得し4回目は発動しない
✓ Lv.10の毎ターンスター15個を3ターン獲得する
✓ 複数の毎ターンスター状態を加算し50個上限を適用する
✓ 控えまたは戦闘不能の対象から毎ターンスターを獲得しない
✓ 戦闘設定とWave設定から現在のフィールド特性を保持する
✓ 水辺ではOC1～5の条件付き宝具威力10～30%を適用する
✓ 水辺がない場合は条件付き効果を付与せず成功ログも出さない
✓ 水辺以外の任意フィールド特性でも共通条件判定が動作する
✓ 宝具beforeのフィールド条件付き宝具威力アップが宝具自身のダメージへ反映される
✓ 毎ターンスターの表示名とアイコンを取得できる

毎ターンスター・フィールド条件テストに合格しました。
=== tests/yaoya-oshichi-tests.js ===
✓ 八百屋お七の基本データを登録
✓ S1は自身Quick20%・味方全体攻防20%・回避1回3Tを付与
✓ S2は攻撃力20%・通常攻撃時魅了50%・魅了成功率50%を付与
✓ S2の通常攻撃時魅了はQ/A/B/Extraで発動し宝具では発動しない
✓ S3は1T回避・Quick20%・スター発生率50%を付与
✓ 強化後宝具は愛する者特攻とやけど・延焼・クリ発生率ダウンを持つ
✓ 宝具後効果はOC1でやけど1000・延焼100%・クリ発生率20%ダウンを付与

八百屋お七の全テストに合格しました。
verification_status=1
